<?xml version="1.0" encoding="UTF-8"?>
<!-- Generated by org.testng.reporters.JUnitReportReporter -->
<testsuite hostname="Aiswaryas-Air.bbrouter" failures="0" tests="1" name="testPages.PIMPageTest" time="36.656" errors="0" timestamp="2023-06-29T22:40:05 IST" skipped="0">
  <testcase classname="testPages.PIMPageTest" name="verifyUserSearchPartialText" time="36.656"/>
</testsuite> <!-- testPages.PIMPageTest -->
