<?xml version="1.0" encoding="UTF-8"?>
<!-- Generated by org.testng.reporters.JUnitReportReporter -->
<testsuite hostname="Aiswaryas-Air.bbrouter" failures="0" tests="1" name="testPages.AdminPageTest" time="45.676" errors="0" timestamp="2023-06-29T22:41:55 IST" skipped="0">
  <testcase classname="testPages.AdminPageTest" name="checkCurrencyInAdmin" time="45.676"/>
</testsuite> <!-- testPages.AdminPageTest -->
