<?xml version="1.0" encoding="UTF-8"?>
<!-- Generated by org.testng.reporters.JUnitReportReporter -->
<testsuite hostname="Aiswaryas-Air.bbrouter" failures="0" tests="1" name="testPages.LoginPageTest" time="53.898" errors="0" timestamp="2023-06-29T01:59:26 IST" skipped="0">
  <testcase classname="testPages.LoginPageTest" name="checkStringInRecords" time="53.898"/>
</testsuite> <!-- testPages.LoginPageTest -->
